04-May-2018 15:19:08.215 INFO [main] org.apache.catalina.startup.VersionLoggerListener.log Server version:        Apache Tomcat/8.0.36
04-May-2018 15:19:08.217 INFO [main] org.apache.catalina.startup.VersionLoggerListener.log Server built:          Jun 9 2016 13:55:50 UTC
04-May-2018 15:19:08.218 INFO [main] org.apache.catalina.startup.VersionLoggerListener.log Server number:         8.0.36.0
04-May-2018 15:19:08.218 INFO [main] org.apache.catalina.startup.VersionLoggerListener.log OS Name:               Windows 7
04-May-2018 15:19:08.218 INFO [main] org.apache.catalina.startup.VersionLoggerListener.log OS Version:            6.1
04-May-2018 15:19:08.218 INFO [main] org.apache.catalina.startup.VersionLoggerListener.log Architecture:          amd64
04-May-2018 15:19:08.218 INFO [main] org.apache.catalina.startup.VersionLoggerListener.log Java Home:             C:\Program Files\Java\jdk1.8.0_131\jre
04-May-2018 15:19:08.218 INFO [main] org.apache.catalina.startup.VersionLoggerListener.log JVM Version:           1.8.0_131-b11
04-May-2018 15:19:08.219 INFO [main] org.apache.catalina.startup.VersionLoggerListener.log JVM Vendor:            Oracle Corporation
04-May-2018 15:19:08.219 INFO [main] org.apache.catalina.startup.VersionLoggerListener.log CATALINA_BASE:         D:\apache-tomcat-8.0.36-windows-x64\apache-tomcat-8.0.36
04-May-2018 15:19:08.219 INFO [main] org.apache.catalina.startup.VersionLoggerListener.log CATALINA_HOME:         D:\apache-tomcat-8.0.36-windows-x64\apache-tomcat-8.0.36
04-May-2018 15:19:08.219 INFO [main] org.apache.catalina.startup.VersionLoggerListener.log Command line argument: -Djdk.tls.ephemeralDHKeySize=2048
04-May-2018 15:19:08.220 INFO [main] org.apache.catalina.startup.VersionLoggerListener.log Command line argument: -Djava.util.logging.config.file=D:\apache-tomcat-8.0.36-windows-x64\apache-tomcat-8.0.36\conf\logging.properties
04-May-2018 15:19:08.220 INFO [main] org.apache.catalina.startup.VersionLoggerListener.log Command line argument: -Djava.util.logging.manager=org.apache.juli.ClassLoaderLogManager
04-May-2018 15:19:08.221 INFO [main] org.apache.catalina.startup.VersionLoggerListener.log Command line argument: -Djava.endorsed.dirs=D:\apache-tomcat-8.0.36-windows-x64\apache-tomcat-8.0.36\endorsed
04-May-2018 15:19:08.221 INFO [main] org.apache.catalina.startup.VersionLoggerListener.log Command line argument: -Dcatalina.base=D:\apache-tomcat-8.0.36-windows-x64\apache-tomcat-8.0.36
04-May-2018 15:19:08.221 INFO [main] org.apache.catalina.startup.VersionLoggerListener.log Command line argument: -Dcatalina.home=D:\apache-tomcat-8.0.36-windows-x64\apache-tomcat-8.0.36
04-May-2018 15:19:08.222 INFO [main] org.apache.catalina.startup.VersionLoggerListener.log Command line argument: -Djava.io.tmpdir=D:\apache-tomcat-8.0.36-windows-x64\apache-tomcat-8.0.36\temp
04-May-2018 15:19:08.222 INFO [main] org.apache.catalina.core.AprLifecycleListener.lifecycleEvent The APR based Apache Tomcat Native library which allows optimal performance in production environments was not found on the java.library.path: C:\Program Files\Java\jdk1.8.0_131\bin;C:\WINDOWS\Sun\Java\bin;C:\WINDOWS\system32;C:\WINDOWS;C:\Program Files\Java\jdk1.8.0_131\bin;%CATATLINA_HOME%\bin;C:\ProgramData\Oracle\Java\javapath;C:\WINDOWS\system32;C:\WINDOWS;C:\WINDOWS\System32\Wbem;C:\WINDOWS\System32\WindowsPowerShell\v1.0\;C:\Program Files (x86)\QuickTime\QTSystem\;C:\Program Files\CapgeminiScripts\Support Tools\;C:\WINDOWS\System32\WindowsPowerShell\v1.0\;D:\nvm;C:\Program Files\nodejs;C:\Program Files\Git\cmd;C:\Program Files\Microsoft SQL Server\120\Tools\Binn\;C:\Program Files\Microsoft SQL Server\Client SDK\ODBC\110\Tools\Binn\;C:\Program Files (x86)\Microsoft SQL Server\120\Tools\Binn\;C:\Program Files\Microsoft SQL Server\120\DTS\Binn\;C:\Program Files (x86)\Microsoft SQL Server\120\Tools\Binn\ManagementStudio\;C:\Program Files (x86)\Microsoft SQL Server\120\DTS\Binn\; C:\WINDOWS\system32\config\systemprofile\AppData\Roaming\npm; C:\WINDOWS\system32\config\systemprofile\AppData\Roaming\npm;C:\Program Files\nodejs\;.
04-May-2018 15:19:08.373 INFO [main] org.apache.coyote.AbstractProtocol.init Initializing ProtocolHandler ["http-nio-8088"]
04-May-2018 15:19:08.497 INFO [main] org.apache.tomcat.util.net.NioSelectorPool.getSharedSelector Using a shared selector for servlet write/read
04-May-2018 15:19:08.500 INFO [main] org.apache.coyote.AbstractProtocol.init Initializing ProtocolHandler ["ajp-nio-8009"]
04-May-2018 15:19:08.503 INFO [main] org.apache.tomcat.util.net.NioSelectorPool.getSharedSelector Using a shared selector for servlet write/read
04-May-2018 15:19:08.503 INFO [main] org.apache.catalina.startup.Catalina.load Initialization processed in 607 ms
04-May-2018 15:19:08.524 INFO [main] org.apache.catalina.core.StandardService.startInternal Starting service Catalina
04-May-2018 15:19:08.525 INFO [main] org.apache.catalina.core.StandardEngine.startInternal Starting Servlet Engine: Apache Tomcat/8.0.36
04-May-2018 15:19:08.536 INFO [localhost-startStop-1] org.apache.catalina.startup.HostConfig.deployDirectory Deploying web application directory D:\apache-tomcat-8.0.36-windows-x64\apache-tomcat-8.0.36\webapps\docs
04-May-2018 15:19:08.809 INFO [localhost-startStop-1] org.apache.catalina.startup.HostConfig.deployDirectory Deployment of web application directory D:\apache-tomcat-8.0.36-windows-x64\apache-tomcat-8.0.36\webapps\docs has finished in 273 ms
04-May-2018 15:19:08.810 INFO [localhost-startStop-1] org.apache.catalina.startup.HostConfig.deployDirectory Deploying web application directory D:\apache-tomcat-8.0.36-windows-x64\apache-tomcat-8.0.36\webapps\examples
04-May-2018 15:19:09.172 INFO [localhost-startStop-1] org.apache.catalina.startup.HostConfig.deployDirectory Deployment of web application directory D:\apache-tomcat-8.0.36-windows-x64\apache-tomcat-8.0.36\webapps\examples has finished in 362 ms
04-May-2018 15:19:09.172 INFO [localhost-startStop-1] org.apache.catalina.startup.HostConfig.deployDirectory Deploying web application directory D:\apache-tomcat-8.0.36-windows-x64\apache-tomcat-8.0.36\webapps\host-manager
04-May-2018 15:19:09.202 INFO [localhost-startStop-1] org.apache.catalina.startup.HostConfig.deployDirectory Deployment of web application directory D:\apache-tomcat-8.0.36-windows-x64\apache-tomcat-8.0.36\webapps\host-manager has finished in 30 ms
04-May-2018 15:19:09.202 INFO [localhost-startStop-1] org.apache.catalina.startup.HostConfig.deployDirectory Deploying web application directory D:\apache-tomcat-8.0.36-windows-x64\apache-tomcat-8.0.36\webapps\manager
04-May-2018 15:19:09.232 INFO [localhost-startStop-1] org.apache.catalina.startup.HostConfig.deployDirectory Deployment of web application directory D:\apache-tomcat-8.0.36-windows-x64\apache-tomcat-8.0.36\webapps\manager has finished in 30 ms
04-May-2018 15:19:09.232 INFO [localhost-startStop-1] org.apache.catalina.startup.HostConfig.deployDirectory Deploying web application directory D:\apache-tomcat-8.0.36-windows-x64\apache-tomcat-8.0.36\webapps\ROOT
04-May-2018 15:19:09.256 INFO [localhost-startStop-1] org.apache.catalina.startup.HostConfig.deployDirectory Deployment of web application directory D:\apache-tomcat-8.0.36-windows-x64\apache-tomcat-8.0.36\webapps\ROOT has finished in 24 ms
04-May-2018 15:19:09.259 INFO [main] org.apache.coyote.AbstractProtocol.start Starting ProtocolHandler ["http-nio-8088"]
04-May-2018 15:19:09.265 INFO [main] org.apache.coyote.AbstractProtocol.start Starting ProtocolHandler ["ajp-nio-8009"]
04-May-2018 15:19:09.267 INFO [main] org.apache.catalina.startup.Catalina.start Server startup in 763 ms
04-May-2018 15:20:29.429 INFO [localhost-startStop-2] org.apache.catalina.startup.HostConfig.deployDirectory Deploying web application directory D:\apache-tomcat-8.0.36-windows-x64\apache-tomcat-8.0.36\webapps\New folder
04-May-2018 15:20:29.558 INFO [localhost-startStop-2] org.apache.catalina.startup.HostConfig.deployDirectory Deployment of web application directory D:\apache-tomcat-8.0.36-windows-x64\apache-tomcat-8.0.36\webapps\New folder has finished in 130 ms
04-May-2018 15:20:40.069 INFO [ContainerBackgroundProcessor[StandardEngine[Catalina]]] org.apache.catalina.startup.HostConfig.undeploy Undeploying context [/New folder]
04-May-2018 15:20:40.214 INFO [localhost-startStop-3] org.apache.catalina.startup.HostConfig.deployDirectory Deploying web application directory D:\apache-tomcat-8.0.36-windows-x64\apache-tomcat-8.0.36\webapps\hello-app
04-May-2018 15:20:40.240 INFO [localhost-startStop-3] org.apache.catalina.startup.HostConfig.deployDirectory Deployment of web application directory D:\apache-tomcat-8.0.36-windows-x64\apache-tomcat-8.0.36\webapps\hello-app has finished in 26 ms
04-May-2018 16:33:42.141 INFO [main] org.apache.catalina.startup.VersionLoggerListener.log Server version:        Apache Tomcat/8.0.36
04-May-2018 16:33:42.142 INFO [main] org.apache.catalina.startup.VersionLoggerListener.log Server built:          Jun 9 2016 13:55:50 UTC
04-May-2018 16:33:42.142 INFO [main] org.apache.catalina.startup.VersionLoggerListener.log Server number:         8.0.36.0
04-May-2018 16:33:42.143 INFO [main] org.apache.catalina.startup.VersionLoggerListener.log OS Name:               Windows 7
04-May-2018 16:33:42.143 INFO [main] org.apache.catalina.startup.VersionLoggerListener.log OS Version:            6.1
04-May-2018 16:33:42.143 INFO [main] org.apache.catalina.startup.VersionLoggerListener.log Architecture:          amd64
04-May-2018 16:33:42.143 INFO [main] org.apache.catalina.startup.VersionLoggerListener.log Java Home:             C:\Program Files\Java\jdk1.8.0_131\jre
04-May-2018 16:33:42.143 INFO [main] org.apache.catalina.startup.VersionLoggerListener.log JVM Version:           1.8.0_131-b11
04-May-2018 16:33:42.144 INFO [main] org.apache.catalina.startup.VersionLoggerListener.log JVM Vendor:            Oracle Corporation
04-May-2018 16:33:42.144 INFO [main] org.apache.catalina.startup.VersionLoggerListener.log CATALINA_BASE:         D:\apache-tomcat-8.0.36-windows-x64\apache-tomcat-8.0.36
04-May-2018 16:33:42.144 INFO [main] org.apache.catalina.startup.VersionLoggerListener.log CATALINA_HOME:         D:\apache-tomcat-8.0.36-windows-x64\apache-tomcat-8.0.36
04-May-2018 16:33:42.144 INFO [main] org.apache.catalina.startup.VersionLoggerListener.log Command line argument: -Djdk.tls.ephemeralDHKeySize=2048
04-May-2018 16:33:42.144 INFO [main] org.apache.catalina.startup.VersionLoggerListener.log Command line argument: -Djava.util.logging.config.file=D:\apache-tomcat-8.0.36-windows-x64\apache-tomcat-8.0.36\conf\logging.properties
04-May-2018 16:33:42.145 INFO [main] org.apache.catalina.startup.VersionLoggerListener.log Command line argument: -Djava.util.logging.manager=org.apache.juli.ClassLoaderLogManager
04-May-2018 16:33:42.145 INFO [main] org.apache.catalina.startup.VersionLoggerListener.log Command line argument: -Djava.endorsed.dirs=D:\apache-tomcat-8.0.36-windows-x64\apache-tomcat-8.0.36\endorsed
04-May-2018 16:33:42.146 INFO [main] org.apache.catalina.startup.VersionLoggerListener.log Command line argument: -Dcatalina.base=D:\apache-tomcat-8.0.36-windows-x64\apache-tomcat-8.0.36
04-May-2018 16:33:42.146 INFO [main] org.apache.catalina.startup.VersionLoggerListener.log Command line argument: -Dcatalina.home=D:\apache-tomcat-8.0.36-windows-x64\apache-tomcat-8.0.36
04-May-2018 16:33:42.147 INFO [main] org.apache.catalina.startup.VersionLoggerListener.log Command line argument: -Djava.io.tmpdir=D:\apache-tomcat-8.0.36-windows-x64\apache-tomcat-8.0.36\temp
04-May-2018 16:33:42.147 INFO [main] org.apache.catalina.core.AprLifecycleListener.lifecycleEvent The APR based Apache Tomcat Native library which allows optimal performance in production environments was not found on the java.library.path: C:\Program Files\Java\jdk1.8.0_131\bin;C:\WINDOWS\Sun\Java\bin;C:\WINDOWS\system32;C:\WINDOWS;C:\Program Files\Java\jdk1.8.0_131\bin;%CATATLINA_HOME%\bin;C:\ProgramData\Oracle\Java\javapath;C:\WINDOWS\system32;C:\WINDOWS;C:\WINDOWS\System32\Wbem;C:\WINDOWS\System32\WindowsPowerShell\v1.0\;C:\Program Files (x86)\QuickTime\QTSystem\;C:\Program Files\CapgeminiScripts\Support Tools\;C:\WINDOWS\System32\WindowsPowerShell\v1.0\;D:\nvm;C:\Program Files\nodejs;C:\Program Files\Git\cmd;C:\Program Files\Microsoft SQL Server\120\Tools\Binn\;C:\Program Files\Microsoft SQL Server\Client SDK\ODBC\110\Tools\Binn\;C:\Program Files (x86)\Microsoft SQL Server\120\Tools\Binn\;C:\Program Files\Microsoft SQL Server\120\DTS\Binn\;C:\Program Files (x86)\Microsoft SQL Server\120\Tools\Binn\ManagementStudio\;C:\Program Files (x86)\Microsoft SQL Server\120\DTS\Binn\; C:\WINDOWS\system32\config\systemprofile\AppData\Roaming\npm; C:\WINDOWS\system32\config\systemprofile\AppData\Roaming\npm;C:\Program Files\nodejs\;.
04-May-2018 16:33:42.299 INFO [main] org.apache.coyote.AbstractProtocol.init Initializing ProtocolHandler ["http-nio-8088"]
04-May-2018 16:33:42.425 INFO [main] org.apache.tomcat.util.net.NioSelectorPool.getSharedSelector Using a shared selector for servlet write/read
04-May-2018 16:33:42.427 INFO [main] org.apache.coyote.AbstractProtocol.init Initializing ProtocolHandler ["ajp-nio-8009"]
04-May-2018 16:33:42.430 INFO [main] org.apache.tomcat.util.net.NioSelectorPool.getSharedSelector Using a shared selector for servlet write/read
04-May-2018 16:33:42.431 INFO [main] org.apache.catalina.startup.Catalina.load Initialization processed in 630 ms
04-May-2018 16:33:42.452 INFO [main] org.apache.catalina.core.StandardService.startInternal Starting service Catalina
04-May-2018 16:33:42.453 INFO [main] org.apache.catalina.core.StandardEngine.startInternal Starting Servlet Engine: Apache Tomcat/8.0.36
04-May-2018 16:33:42.465 INFO [localhost-startStop-1] org.apache.catalina.startup.HostConfig.deployDirectory Deploying web application directory D:\apache-tomcat-8.0.36-windows-x64\apache-tomcat-8.0.36\webapps\docs
04-May-2018 16:33:42.734 INFO [localhost-startStop-1] org.apache.catalina.startup.HostConfig.deployDirectory Deployment of web application directory D:\apache-tomcat-8.0.36-windows-x64\apache-tomcat-8.0.36\webapps\docs has finished in 269 ms
04-May-2018 16:33:42.735 INFO [localhost-startStop-1] org.apache.catalina.startup.HostConfig.deployDirectory Deploying web application directory D:\apache-tomcat-8.0.36-windows-x64\apache-tomcat-8.0.36\webapps\examples
04-May-2018 16:33:43.106 INFO [localhost-startStop-1] org.apache.catalina.startup.HostConfig.deployDirectory Deployment of web application directory D:\apache-tomcat-8.0.36-windows-x64\apache-tomcat-8.0.36\webapps\examples has finished in 371 ms
04-May-2018 16:33:43.106 INFO [localhost-startStop-1] org.apache.catalina.startup.HostConfig.deployDirectory Deploying web application directory D:\apache-tomcat-8.0.36-windows-x64\apache-tomcat-8.0.36\webapps\hello-app
04-May-2018 16:33:43.140 INFO [localhost-startStop-1] org.apache.catalina.startup.HostConfig.deployDirectory Deployment of web application directory D:\apache-tomcat-8.0.36-windows-x64\apache-tomcat-8.0.36\webapps\hello-app has finished in 34 ms
04-May-2018 16:33:43.140 INFO [localhost-startStop-1] org.apache.catalina.startup.HostConfig.deployDirectory Deploying web application directory D:\apache-tomcat-8.0.36-windows-x64\apache-tomcat-8.0.36\webapps\host-manager
04-May-2018 16:33:43.172 INFO [localhost-startStop-1] org.apache.catalina.startup.HostConfig.deployDirectory Deployment of web application directory D:\apache-tomcat-8.0.36-windows-x64\apache-tomcat-8.0.36\webapps\host-manager has finished in 32 ms
04-May-2018 16:33:43.173 INFO [localhost-startStop-1] org.apache.catalina.startup.HostConfig.deployDirectory Deploying web application directory D:\apache-tomcat-8.0.36-windows-x64\apache-tomcat-8.0.36\webapps\manager
04-May-2018 16:33:43.202 INFO [localhost-startStop-1] org.apache.catalina.startup.HostConfig.deployDirectory Deployment of web application directory D:\apache-tomcat-8.0.36-windows-x64\apache-tomcat-8.0.36\webapps\manager has finished in 29 ms
04-May-2018 16:33:43.203 INFO [localhost-startStop-1] org.apache.catalina.startup.HostConfig.deployDirectory Deploying web application directory D:\apache-tomcat-8.0.36-windows-x64\apache-tomcat-8.0.36\webapps\ROOT
04-May-2018 16:33:43.225 INFO [localhost-startStop-1] org.apache.catalina.startup.HostConfig.deployDirectory Deployment of web application directory D:\apache-tomcat-8.0.36-windows-x64\apache-tomcat-8.0.36\webapps\ROOT has finished in 22 ms
04-May-2018 16:33:43.228 INFO [main] org.apache.coyote.AbstractProtocol.start Starting ProtocolHandler ["http-nio-8088"]
04-May-2018 16:33:43.236 INFO [main] org.apache.coyote.AbstractProtocol.start Starting ProtocolHandler ["ajp-nio-8009"]
04-May-2018 16:33:43.238 INFO [main] org.apache.catalina.startup.Catalina.start Server startup in 806 ms
04-May-2018 16:38:36.001 INFO [Thread-5] org.apache.coyote.AbstractProtocol.pause Pausing ProtocolHandler ["http-nio-8088"]
04-May-2018 16:38:36.073 INFO [Thread-5] org.apache.coyote.AbstractProtocol.pause Pausing ProtocolHandler ["ajp-nio-8009"]
04-May-2018 16:38:36.125 INFO [Thread-5] org.apache.catalina.core.StandardService.stopInternal Stopping service Catalina
04-May-2018 16:38:36.173 INFO [Thread-5] org.apache.coyote.AbstractProtocol.stop Stopping ProtocolHandler ["http-nio-8088"]
04-May-2018 16:38:36.264 INFO [Thread-5] org.apache.coyote.AbstractProtocol.stop Stopping ProtocolHandler ["ajp-nio-8009"]
04-May-2018 16:38:36.267 INFO [Thread-5] org.apache.coyote.AbstractProtocol.destroy Destroying ProtocolHandler ["http-nio-8088"]
04-May-2018 16:38:36.270 INFO [Thread-5] org.apache.coyote.AbstractProtocol.destroy Destroying ProtocolHandler ["ajp-nio-8009"]
04-May-2018 16:38:59.110 INFO [main] org.apache.catalina.startup.VersionLoggerListener.log Server version:        Apache Tomcat/8.0.36
04-May-2018 16:38:59.111 INFO [main] org.apache.catalina.startup.VersionLoggerListener.log Server built:          Jun 9 2016 13:55:50 UTC
04-May-2018 16:38:59.111 INFO [main] org.apache.catalina.startup.VersionLoggerListener.log Server number:         8.0.36.0
04-May-2018 16:38:59.112 INFO [main] org.apache.catalina.startup.VersionLoggerListener.log OS Name:               Windows 7
04-May-2018 16:38:59.112 INFO [main] org.apache.catalina.startup.VersionLoggerListener.log OS Version:            6.1
04-May-2018 16:38:59.112 INFO [main] org.apache.catalina.startup.VersionLoggerListener.log Architecture:          amd64
04-May-2018 16:38:59.112 INFO [main] org.apache.catalina.startup.VersionLoggerListener.log Java Home:             C:\Program Files\Java\jdk1.8.0_131\jre
04-May-2018 16:38:59.112 INFO [main] org.apache.catalina.startup.VersionLoggerListener.log JVM Version:           1.8.0_131-b11
04-May-2018 16:38:59.112 INFO [main] org.apache.catalina.startup.VersionLoggerListener.log JVM Vendor:            Oracle Corporation
04-May-2018 16:38:59.113 INFO [main] org.apache.catalina.startup.VersionLoggerListener.log CATALINA_BASE:         D:\apache-tomcat-8.0.36-windows-x64\apache-tomcat-8.0.36
04-May-2018 16:38:59.113 INFO [main] org.apache.catalina.startup.VersionLoggerListener.log CATALINA_HOME:         D:\apache-tomcat-8.0.36-windows-x64\apache-tomcat-8.0.36
04-May-2018 16:38:59.113 INFO [main] org.apache.catalina.startup.VersionLoggerListener.log Command line argument: -Djdk.tls.ephemeralDHKeySize=2048
04-May-2018 16:38:59.113 INFO [main] org.apache.catalina.startup.VersionLoggerListener.log Command line argument: -Djava.util.logging.config.file=D:\apache-tomcat-8.0.36-windows-x64\apache-tomcat-8.0.36\conf\logging.properties
04-May-2018 16:38:59.114 INFO [main] org.apache.catalina.startup.VersionLoggerListener.log Command line argument: -Djava.util.logging.manager=org.apache.juli.ClassLoaderLogManager
04-May-2018 16:38:59.114 INFO [main] org.apache.catalina.startup.VersionLoggerListener.log Command line argument: -Djava.endorsed.dirs=D:\apache-tomcat-8.0.36-windows-x64\apache-tomcat-8.0.36\endorsed
04-May-2018 16:38:59.115 INFO [main] org.apache.catalina.startup.VersionLoggerListener.log Command line argument: -Dcatalina.base=D:\apache-tomcat-8.0.36-windows-x64\apache-tomcat-8.0.36
04-May-2018 16:38:59.116 INFO [main] org.apache.catalina.startup.VersionLoggerListener.log Command line argument: -Dcatalina.home=D:\apache-tomcat-8.0.36-windows-x64\apache-tomcat-8.0.36
04-May-2018 16:38:59.116 INFO [main] org.apache.catalina.startup.VersionLoggerListener.log Command line argument: -Djava.io.tmpdir=D:\apache-tomcat-8.0.36-windows-x64\apache-tomcat-8.0.36\temp
04-May-2018 16:38:59.116 INFO [main] org.apache.catalina.core.AprLifecycleListener.lifecycleEvent The APR based Apache Tomcat Native library which allows optimal performance in production environments was not found on the java.library.path: C:\Program Files\Java\jdk1.8.0_131\bin;C:\WINDOWS\Sun\Java\bin;C:\WINDOWS\system32;C:\WINDOWS;C:\Program Files\Java\jdk1.8.0_131\bin;%CATATLINA_HOME%\bin;C:\ProgramData\Oracle\Java\javapath;C:\WINDOWS\system32;C:\WINDOWS;C:\WINDOWS\System32\Wbem;C:\WINDOWS\System32\WindowsPowerShell\v1.0\;C:\Program Files (x86)\QuickTime\QTSystem\;C:\Program Files\CapgeminiScripts\Support Tools\;C:\WINDOWS\System32\WindowsPowerShell\v1.0\;D:\nvm;C:\Program Files\nodejs;C:\Program Files\Git\cmd;C:\Program Files\Microsoft SQL Server\120\Tools\Binn\;C:\Program Files\Microsoft SQL Server\Client SDK\ODBC\110\Tools\Binn\;C:\Program Files (x86)\Microsoft SQL Server\120\Tools\Binn\;C:\Program Files\Microsoft SQL Server\120\DTS\Binn\;C:\Program Files (x86)\Microsoft SQL Server\120\Tools\Binn\ManagementStudio\;C:\Program Files (x86)\Microsoft SQL Server\120\DTS\Binn\; C:\WINDOWS\system32\config\systemprofile\AppData\Roaming\npm; C:\WINDOWS\system32\config\systemprofile\AppData\Roaming\npm;C:\Program Files\nodejs\;.
04-May-2018 16:38:59.265 INFO [main] org.apache.coyote.AbstractProtocol.init Initializing ProtocolHandler ["http-nio-8088"]
04-May-2018 16:38:59.390 INFO [main] org.apache.tomcat.util.net.NioSelectorPool.getSharedSelector Using a shared selector for servlet write/read
04-May-2018 16:38:59.392 INFO [main] org.apache.coyote.AbstractProtocol.init Initializing ProtocolHandler ["ajp-nio-8009"]
04-May-2018 16:38:59.395 INFO [main] org.apache.tomcat.util.net.NioSelectorPool.getSharedSelector Using a shared selector for servlet write/read
04-May-2018 16:38:59.396 INFO [main] org.apache.catalina.startup.Catalina.load Initialization processed in 611 ms
04-May-2018 16:38:59.416 INFO [main] org.apache.catalina.core.StandardService.startInternal Starting service Catalina
04-May-2018 16:38:59.416 INFO [main] org.apache.catalina.core.StandardEngine.startInternal Starting Servlet Engine: Apache Tomcat/8.0.36
04-May-2018 16:38:59.428 INFO [localhost-startStop-1] org.apache.catalina.startup.HostConfig.deployDirectory Deploying web application directory D:\apache-tomcat-8.0.36-windows-x64\apache-tomcat-8.0.36\webapps\docs
04-May-2018 16:38:59.685 INFO [localhost-startStop-1] org.apache.catalina.startup.HostConfig.deployDirectory Deployment of web application directory D:\apache-tomcat-8.0.36-windows-x64\apache-tomcat-8.0.36\webapps\docs has finished in 257 ms
04-May-2018 16:38:59.686 INFO [localhost-startStop-1] org.apache.catalina.startup.HostConfig.deployDirectory Deploying web application directory D:\apache-tomcat-8.0.36-windows-x64\apache-tomcat-8.0.36\webapps\examples
04-May-2018 16:39:00.047 INFO [localhost-startStop-1] org.apache.catalina.startup.HostConfig.deployDirectory Deployment of web application directory D:\apache-tomcat-8.0.36-windows-x64\apache-tomcat-8.0.36\webapps\examples has finished in 361 ms
04-May-2018 16:39:00.048 INFO [localhost-startStop-1] org.apache.catalina.startup.HostConfig.deployDirectory Deploying web application directory D:\apache-tomcat-8.0.36-windows-x64\apache-tomcat-8.0.36\webapps\hello-app
04-May-2018 16:39:00.093 INFO [localhost-startStop-1] org.apache.catalina.startup.HostConfig.deployDirectory Deployment of web application directory D:\apache-tomcat-8.0.36-windows-x64\apache-tomcat-8.0.36\webapps\hello-app has finished in 45 ms
04-May-2018 16:39:00.094 INFO [localhost-startStop-1] org.apache.catalina.startup.HostConfig.deployDirectory Deploying web application directory D:\apache-tomcat-8.0.36-windows-x64\apache-tomcat-8.0.36\webapps\host-manager
04-May-2018 16:39:00.125 INFO [localhost-startStop-1] org.apache.catalina.startup.HostConfig.deployDirectory Deployment of web application directory D:\apache-tomcat-8.0.36-windows-x64\apache-tomcat-8.0.36\webapps\host-manager has finished in 32 ms
04-May-2018 16:39:00.126 INFO [localhost-startStop-1] org.apache.catalina.startup.HostConfig.deployDirectory Deploying web application directory D:\apache-tomcat-8.0.36-windows-x64\apache-tomcat-8.0.36\webapps\manager
04-May-2018 16:39:00.154 INFO [localhost-startStop-1] org.apache.catalina.startup.HostConfig.deployDirectory Deployment of web application directory D:\apache-tomcat-8.0.36-windows-x64\apache-tomcat-8.0.36\webapps\manager has finished in 28 ms
04-May-2018 16:39:00.154 INFO [localhost-startStop-1] org.apache.catalina.startup.HostConfig.deployDirectory Deploying web application directory D:\apache-tomcat-8.0.36-windows-x64\apache-tomcat-8.0.36\webapps\ROOT
04-May-2018 16:39:00.177 INFO [localhost-startStop-1] org.apache.catalina.startup.HostConfig.deployDirectory Deployment of web application directory D:\apache-tomcat-8.0.36-windows-x64\apache-tomcat-8.0.36\webapps\ROOT has finished in 23 ms
04-May-2018 16:39:00.181 INFO [main] org.apache.coyote.AbstractProtocol.start Starting ProtocolHandler ["http-nio-8088"]
04-May-2018 16:39:00.188 INFO [main] org.apache.coyote.AbstractProtocol.start Starting ProtocolHandler ["ajp-nio-8009"]
04-May-2018 16:39:00.191 INFO [main] org.apache.catalina.startup.Catalina.start Server startup in 794 ms
